# JRE version: Java(TM) SE Runtime Environment (8.0_144-b01) (build 1.8.0_144-b01)
# Java VM: Java HotSpot(TM) 64-Bit Server VM (25.144-b01 mixed mode windows-amd64 compressed oops)
Heap:
 PSYoungGen      total 293888K, used 44309K [0x00000000eab00000, 0x00000000fe500000, 0x0000000100000000)
  eden space 278528K, 10% used [0x00000000eab00000,0x00000000ec7b0798,0x00000000fbb00000)
  from space 15360K, 97% used [0x00000000fd600000,0x00000000fe494c70,0x00000000fe500000)
  to   space 20480K, 0% used [0x00000000fbd00000,0x00000000fbd00000,0x00000000fd100000)
 ParOldGen       total 61952K, used 24908K [0x00000000c0000000, 0x00000000c3c80000, 0x00000000eab00000)
  object space 61952K, 40% used [0x00000000c0000000,0x00000000c18533d0,0x00000000c3c80000)
 Metaspace       used 52556K, capacity 55314K, committed 55424K, reserved 1097728K
  class space    used 7478K, capacity 7986K, committed 8064K, reserved 1048576K
GC Heap History (10 events):
Event: 7.134 GC heap before
{Heap before GC invocations=14 (full 2):
 PSYoungGen      total 155648K, used 141824K [0x00000000eab00000, 0x00000000f8680000, 0x0000000100000000)
  eden space 141824K, 100% used [0x00000000eab00000,0x00000000f3580000,0x00000000f3580000)
  from space 13824K, 0% used [0x00000000f3580000,0x00000000f3580000,0x00000000f4300000)
  to   space 13824K, 0% used [0x00000000f7900000,0x00000000f7900000,0x00000000f8680000)
 ParOldGen       total 61952K, used 22012K [0x00000000c0000000, 0x00000000c3c80000, 0x00000000eab00000)
  object space 61952K, 35% used [0x00000000c0000000,0x00000000c157f2c0,0x00000000c3c80000)
 Metaspace       used 44825K, capacity 46542K, committed 46976K, reserved 1089536K
  class space    used 6379K, capacity 6730K, committed 6784K, reserved 1048576K
Event: 7.148 GC heap after
Heap after GC invocations=14 (full 2):
 PSYoungGen      total 199168K, used 12857K [0x00000000eab00000, 0x00000000f8600000, 0x0000000100000000)
  eden space 185856K, 0% used [0x00000000eab00000,0x00000000eab00000,0x00000000f6080000)
  from space 13312K, 96% used [0x00000000f7900000,0x00000000f858e5b0,0x00000000f8600000)
  to   space 15360K, 0% used [0x00000000f6800000,0x00000000f6800000,0x00000000f7700000)
 ParOldGen       total 61952K, used 22020K [0x00000000c0000000, 0x00000000c3c80000, 0x00000000eab00000)
  object space 61952K, 35% used [0x00000000c0000000,0x00000000c15812c0,0x00000000c3c80000)
 Metaspace       used 44825K, capacity 46542K, committed 46976K, reserved 1089536K
  class space    used 6379K, capacity 6730K, committed 6784K, reserved 1048576K
}
Event: 9.029 GC heap before
{Heap before GC invocations=15 (full 2):
 PSYoungGen      total 199168K, used 198713K [0x00000000eab00000, 0x00000000f8600000, 0x0000000100000000)
  eden space 185856K, 100% used [0x00000000eab00000,0x00000000f6080000,0x00000000f6080000)
  from space 13312K, 96% used [0x00000000f7900000,0x00000000f858e5b0,0x00000000f8600000)
  to   space 15360K, 0% used [0x00000000f6800000,0x00000000f6800000,0x00000000f7700000)
 ParOldGen       total 61952K, used 22020K [0x00000000c0000000, 0x00000000c3c80000, 0x00000000eab00000)
  object space 61952K, 35% used [0x00000000c0000000,0x00000000c15812c0,0x00000000c3c80000)
 Metaspace       used 51421K, capacity 53960K, committed 54144K, reserved 1095680K
  class space    used 7300K, capacity 7757K, committed 7808K, reserved 1048576K
Event: 9.053 GC heap after
Heap after GC invocations=15 (full 2):
 PSYoungGen      total 208896K, used 13278K [0x00000000eab00000, 0x00000000fb580000, 0x0000000100000000)
  eden space 193536K, 0% used [0x00000000eab00000,0x00000000eab00000,0x00000000f6800000)
  from space 15360K, 86% used [0x00000000f6800000,0x00000000f74f7a88,0x00000000f7700000)
  to   space 16896K, 0% used [0x00000000fa500000,0x00000000fa500000,0x00000000fb580000)
 ParOldGen       total 61952K, used 24892K [0x00000000c0000000, 0x00000000c3c80000, 0x00000000eab00000)
  object space 61952K, 40% used [0x00000000c0000000,0x00000000c184f3d0,0x00000000c3c80000)
 Metaspace       used 51421K, capacity 53960K, committed 54144K, reserved 1095680K
  class space    used 7300K, capacity 7757K, committed 7808K, reserved 1048576K
}
Event: 10700.112 GC heap before
{Heap before GC invocations=16 (full 2):
 PSYoungGen      total 208896K, used 206814K [0x00000000eab00000, 0x00000000fb580000, 0x0000000100000000)
  eden space 193536K, 100% used [0x00000000eab00000,0x00000000f6800000,0x00000000f6800000)
  from space 15360K, 86% used [0x00000000f6800000,0x00000000f74f7a88,0x00000000f7700000)
  to   space 16896K, 0% used [0x00000000fa500000,0x00000000fa500000,0x00000000fb580000)
 ParOldGen       total 61952K, used 24892K [0x00000000c0000000, 0x00000000c3c80000, 0x00000000eab00000)
  object space 61952K, 40% used [0x00000000c0000000,0x00000000c184f3d0,0x00000000c3c80000)
 Metaspace       used 52552K, capacity 55314K, committed 55424K, reserved 1097728K
  class space    used 7478K, capacity 7986K, committed 8064K, reserved 1048576K
Event: 10702.435 GC heap after
Heap after GC invocations=16 (full 2):
 PSYoungGen      total 255488K, used 10586K [0x00000000eab00000, 0x00000000fb800000, 0x0000000100000000)
  eden space 238592K, 0% used [0x00000000eab00000,0x00000000eab00000,0x00000000f9400000)
  from space 16896K, 62% used [0x00000000fa500000,0x00000000faf56878,0x00000000fb580000)
  to   space 17408K, 0% used [0x00000000f9400000,0x00000000f9400000,0x00000000fa500000)
 ParOldGen       total 61952K, used 24900K [0x00000000c0000000, 0x00000000c3c80000, 0x00000000eab00000)
  object space 61952K, 40% used [0x00000000c0000000,0x00000000c18513d0,0x00000000c3c80000)
 Metaspace       used 52552K, capacity 55314K, committed 55424K, reserved 1097728K
  class space    used 7478K, capacity 7986K, committed 8064K, reserved 1048576K
}
Event: 42754.659 GC heap before
{Heap before GC invocations=17 (full 2):
 PSYoungGen      total 255488K, used 249178K [0x00000000eab00000, 0x00000000fb800000, 0x0000000100000000)
  eden space 238592K, 100% used [0x00000000eab00000,0x00000000f9400000,0x00000000f9400000)
  from space 16896K, 62% used [0x00000000fa500000,0x00000000faf56878,0x00000000fb580000)
  to   space 17408K, 0% used [0x00000000f9400000,0x00000000f9400000,0x00000000fa500000)
 ParOldGen       total 61952K, used 24900K [0x00000000c0000000, 0x00000000c3c80000, 0x00000000eab00000)
  object space 61952K, 40% used [0x00000000c0000000,0x00000000c18513d0,0x00000000c3c80000)
 Metaspace       used 52552K, capacity 55314K, committed 55424K, reserved 1097728K
  class space    used 7478K, capacity 7986K, committed 8064K, reserved 1048576K
Event: 42756.872 GC heap after
Heap after GC invocations=17 (full 2):
 PSYoungGen      total 256000K, used 14659K [0x00000000eab00000, 0x00000000fe880000, 0x0000000100000000)
  eden space 238592K, 0% used [0x00000000eab00000,0x00000000eab00000,0x00000000f9400000)
  from space 17408K, 84% used [0x00000000f9400000,0x00000000fa250c40,0x00000000fa500000)
  to   space 18944K, 0% used [0x00000000fd600000,0x00000000fd600000,0x00000000fe880000)
 ParOldGen       total 61952K, used 24900K [0x00000000c0000000, 0x00000000c3c80000, 0x00000000eab00000)
  object space 61952K, 40% used [0x00000000c0000000,0x00000000c18513d0,0x00000000c3c80000)
 Metaspace       used 52552K, capacity 55314K, committed 55424K, reserved 1097728K
  class space    used 7478K, capacity 7986K, committed 8064K, reserved 1048576K
}
Event: 76400.273 GC heap before
{Heap before GC invocations=18 (full 2):
 PSYoungGen      total 256000K, used 253251K [0x00000000eab00000, 0x00000000fe880000, 0x0000000100000000)
  eden space 238592K, 100% used [0x00000000eab00000,0x00000000f9400000,0x00000000f9400000)
  from space 17408K, 84% used [0x00000000f9400000,0x00000000fa250c40,0x00000000fa500000)
  to   space 18944K, 0% used [0x00000000fd600000,0x00000000fd600000,0x00000000fe880000)
 ParOldGen       total 61952K, used 24900K [0x00000000c0000000, 0x00000000c3c80000, 0x00000000eab00000)
  object space 61952K, 40% used [0x00000000c0000000,0x00000000c18513d0,0x00000000c3c80000)
 Metaspace       used 52556K, capacity 55314K, committed 55424K, reserved 1097728K
  class space    used 7478K, capacity 7986K, committed 8064K, reserved 1048576K
Event: 76403.188 GC heap after
Heap after GC invocations=18 (full 2):
 PSYoungGen      total 293888K, used 14931K [0x00000000eab00000, 0x00000000fe500000, 0x0000000100000000)
  eden space 278528K, 0% used [0x00000000eab00000,0x00000000eab00000,0x00000000fbb00000)
  from space 15360K, 97% used [0x00000000fd600000,0x00000000fe494c70,0x00000000fe500000)
  to   space 20480K, 0% used [0x00000000fbd00000,0x00000000fbd00000,0x00000000fd100000)
 ParOldGen       total 61952K, used 24908K [0x00000000c0000000, 0x00000000c3c80000, 0x00000000eab00000)
  object space 61952K, 40% used [0x00000000c0000000,0x00000000c18533d0,0x00000000c3c80000)
 Metaspace       used 52556K, capacity 55314K, committed 55424K, reserved 1097728K
  class space    used 7478K, capacity 7986K, committed 8064K, reserved 1048576K
}

